cuda not available
[I] Loading dataset OGBG-MOLTOX21...
[I] Finished loading.
[I] Data load time: 2.9845s
MODEL DETAILS:

MODEL/Total parameters: PNA 5357533
[!] -degree: Initializing graph positional encoding using node degree.
[!] Time taken:  0.8743412494659424
[!] -degree (For viz later): Adding lapeigvecs to key 'eigvec' for every graph.
[!] Time taken:  10.598972797393799
Training Graphs:  6015
Validation Graphs:  782
Test Graphs:  782
Epoch    72: reducing learning rate of group 0 to 4.0000e-04.
Epoch    83: reducing learning rate of group 0 to 3.2000e-04.
Epoch   102: reducing learning rate of group 0 to 2.5600e-04.
Epoch   113: reducing learning rate of group 0 to 2.0480e-04.
Epoch   124: reducing learning rate of group 0 to 1.6384e-04.
Epoch   135: reducing learning rate of group 0 to 1.3107e-04.
Epoch   146: reducing learning rate of group 0 to 1.0486e-04.
Epoch   157: reducing learning rate of group 0 to 8.3886e-05.
Epoch   168: reducing learning rate of group 0 to 6.7109e-05.
Epoch   179: reducing learning rate of group 0 to 5.3687e-05.
Epoch   190: reducing learning rate of group 0 to 4.2950e-05.
Epoch   201: reducing learning rate of group 0 to 3.4360e-05.
Epoch   212: reducing learning rate of group 0 to 2.7488e-05.
Epoch   223: reducing learning rate of group 0 to 2.1990e-05.
Epoch   234: reducing learning rate of group 0 to 1.7592e-05.

!! LR EQUAL TO MIN LR SET.
Test AUC: 0.7636
Train AUC: 0.8739
Val AUC: 0.7977
Convergence Time (Epochs): 233.0000
TOTAL TIME TAKEN: 10419.2326s
AVG TIME PER EPOCH: 44.1116s
